<?xml version="1.0" encoding="UTF-8"?>
<testng-results ignored="0" total="1" passed="1" failed="0" skipped="0">
  <reporter-output>
  </reporter-output>
  <suite started-at="2022-04-04T05:05:46Z" name="Default suite" finished-at="2022-04-04T05:05:50Z" duration-ms="3941">
    <groups>
    </groups>
    <test started-at="2022-04-04T05:05:46Z" name="Default test" finished-at="2022-04-04T05:05:50Z" duration-ms="3941">
      <class name="com.tekarch.restapitest.APIReqres">
        <test-method signature="validateReqres()[pri:0, instance:com.tekarch.restapitest.APIReqres@1b1426f4]" started-at="2022-04-04T05:05:46Z" name="validateReqres" finished-at="2022-04-04T05:05:50Z" duration-ms="3911" status="PASS">
          <reporter-output>
          </reporter-output>
        </test-method> <!-- validateReqres -->
      </class> <!-- com.tekarch.restapitest.APIReqres -->
    </test> <!-- Default test -->
  </suite> <!-- Default suite -->
</testng-results>
